<?xml version="1.0" encoding="UTF-8"?>
<testng-results ignored="0" total="2" passed="2" failed="0" skipped="0">
  <reporter-output>
  </reporter-output>
  <suite started-at="2021-10-28T00:55:37 PKT" name="Automated_Tests" finished-at="2021-10-28T00:56:20 PKT" duration-ms="43568">
    <groups>
    </groups>
    <test started-at="2021-10-28T00:55:37 PKT" name="TEST_ValidateEconomicCalendar" finished-at="2021-10-28T00:56:20 PKT" duration-ms="43568">
      <class name="tests.HomePage">
        <test-method is-config="true" signature="initialize()[pri:0, instance:tests.HomePage@1e6a3214]" started-at="2021-10-28T00:55:37 PKT" name="initialize" finished-at="2021-10-28T00:55:49 PKT" duration-ms="12633" status="PASS">
          <reporter-output>
          </reporter-output>
        </test-method> <!-- initialize -->
        <test-method signature="basePageNaviagation(java.lang.String)[pri:0, instance:tests.HomePage@1e6a3214]" started-at="2021-10-28T00:55:49 PKT" name="basePageNaviagation" data-provider="getData" finished-at="2021-10-28T00:55:59 PKT" duration-ms="9442" status="PASS">
          <params>
            <param index="0">
              <value>
                <![CDATA[chrome]]>
              </value>
            </param>
          </params>
          <reporter-output>
          </reporter-output>
        </test-method> <!-- basePageNaviagation -->
        <test-method is-config="true" signature="tearDown()[pri:0, instance:tests.HomePage@1e6a3214]" started-at="2021-10-28T00:55:59 PKT" name="tearDown" finished-at="2021-10-28T00:55:59 PKT" duration-ms="379" status="PASS">
          <reporter-output>
          </reporter-output>
        </test-method> <!-- tearDown -->
        <test-method is-config="true" signature="initialize()[pri:0, instance:tests.HomePage@1e6a3214]" started-at="2021-10-28T00:55:59 PKT" name="initialize" finished-at="2021-10-28T00:56:08 PKT" duration-ms="9372" status="PASS">
          <reporter-output>
          </reporter-output>
        </test-method> <!-- initialize -->
        <test-method signature="basePageNaviagation(java.lang.String)[pri:0, instance:tests.HomePage@1e6a3214]" started-at="2021-10-28T00:56:08 PKT" name="basePageNaviagation" data-provider="getData" finished-at="2021-10-28T00:56:20 PKT" duration-ms="11149" status="PASS">
          <params>
            <param index="0">
              <value>
                <![CDATA[firefox]]>
              </value>
            </param>
          </params>
          <reporter-output>
          </reporter-output>
        </test-method> <!-- basePageNaviagation -->
        <test-method is-config="true" signature="tearDown()[pri:0, instance:tests.HomePage@1e6a3214]" started-at="2021-10-28T00:56:20 PKT" name="tearDown" finished-at="2021-10-28T00:56:20 PKT" duration-ms="518" status="PASS">
          <reporter-output>
          </reporter-output>
        </test-method> <!-- tearDown -->
      </class> <!-- tests.HomePage -->
    </test> <!-- TEST_ValidateEconomicCalendar -->
  </suite> <!-- Automated_Tests -->
</testng-results>
